<?xml version="1.0" encoding="UTF-8"?>
<coverage generated="1698646247785" clover="3.2.0">
  <project timestamp="1698646247785" name="All files">
    <metrics statements="9" coveredstatements="9" conditionals="2" coveredconditionals="2" methods="2" coveredmethods="2" elements="13" coveredelements="13" complexity="0" loc="9" ncloc="9" packages="1" files="1" classes="1"/>
    <file name="dashboard_test.js" path="/Users/siemaalam/Desktop/Fall 2023/Topics in SWE/Test-Wise-Wallet/src/test/unit/dashboard_test.js">
      <metrics statements="9" coveredstatements="9" conditionals="2" coveredconditionals="2" methods="2" coveredmethods="2"/>
      <line num="4" count="3" type="stmt"/>
      <line num="5" count="3" type="stmt"/>
      <line num="6" count="3" type="stmt"/>
      <line num="7" count="3" type="stmt"/>
      <line num="15" count="3" type="stmt"/>
      <line num="16" count="3" type="cond" truecount="2" falsecount="0"/>
      <line num="17" count="1" type="stmt"/>
      <line num="19" count="2" type="stmt"/>
      <line num="23" count="1" type="stmt"/>
    </file>
  </project>
</coverage>
