{"D:\\Documents\\Projects\\Personal-Expense-Tracker-fork\\src\\functions\\util.js": {"path":"D:\\Documents\\Projects\\Personal-Expense-Tracker-fork\\src\\functions\\util.js","statementMap":{"0":{"start":{"line":3,"column":26},"end":{"line":6,"column":1}},"1":{"start":{"line":4,"column":4},"end":{"line":4,"column":52}},"2":{"start":{"line":4,"column":40},"end":{"line":4,"column":52}},"3":{"start":{"line":5,"column":4},"end":{"line":5,"column":46}},"4":{"start":{"line":11,"column":0},"end":{"line":14,"column":1}},"5":{"start":{"line":12,"column":4},"end":{"line":12,"column":78}},"6":{"start":{"line":12,"column":65},"end":{"line":12,"column":78}},"7":{"start":{"line":13,"column":4},"end":{"line":13,"column":62}},"8":{"start":{"line":15,"column":0},"end":{"line":18,"column":1}},"9":{"start":{"line":16,"column":4},"end":{"line":16,"column":103}},"10":{"start":{"line":16,"column":90},"end":{"line":16,"column":103}},"11":{"start":{"line":17,"column":4},"end":{"line":17,"column":87}},"12":{"start":{"line":19,"column":0},"end":{"line":22,"column":1}},"13":{"start":{"line":21,"column":4},"end":{"line":21,"column":79}},"14":{"start":{"line":23,"column":0},"end":{"line":27,"column":1}},"15":{"start":{"line":25,"column":4},"end":{"line":26,"column":21}},"16":{"start":{"line":25,"column":42},"end":{"line":25,"column":84}},"17":{"start":{"line":26,"column":9},"end":{"line":26,"column":21}},"18":{"start":{"line":28,"column":0},"end":{"line":28,"column":46}}},"fnMap":{"0":{"name":"(anonymous_0)","decl":{"start":{"line":3,"column":26},"end":{"line":3,"column":27}},"loc":{"start":{"line":3,"column":47},"end":{"line":6,"column":1}},"line":3},"1":{"name":"(anonymous_1)","decl":{"start":{"line":11,"column":13},"end":{"line":11,"column":14}},"loc":{"start":{"line":11,"column":24},"end":{"line":14,"column":1}},"line":11},"2":{"name":"(anonymous_2)","decl":{"start":{"line":15,"column":16},"end":{"line":15,"column":17}},"loc":{"start":{"line":15,"column":30},"end":{"line":18,"column":1}},"line":15},"3":{"name":"(anonymous_3)","decl":{"start":{"line":19,"column":19},"end":{"line":19,"column":20}},"loc":{"start":{"line":19,"column":40},"end":{"line":22,"column":1}},"line":19},"4":{"name":"(anonymous_4)","decl":{"start":{"line":23,"column":33},"end":{"line":23,"column":34}},"loc":{"start":{"line":23,"column":54},"end":{"line":27,"column":1}},"line":23}},"branchMap":{"0":{"loc":{"start":{"line":4,"column":4},"end":{"line":4,"column":52}},"type":"if","locations":[{"start":{"line":4,"column":4},"end":{"line":4,"column":52}},{"start":{},"end":{}}],"line":4},"1":{"loc":{"start":{"line":4,"column":7},"end":{"line":4,"column":38}},"type":"binary-expr","locations":[{"start":{"line":4,"column":7},"end":{"line":4,"column":19}},{"start":{"line":4,"column":23},"end":{"line":4,"column":38}}],"line":4},"2":{"loc":{"start":{"line":12,"column":4},"end":{"line":12,"column":78}},"type":"if","locations":[{"start":{"line":12,"column":4},"end":{"line":12,"column":78}},{"start":{},"end":{}}],"line":12},"3":{"loc":{"start":{"line":16,"column":4},"end":{"line":16,"column":103}},"type":"if","locations":[{"start":{"line":16,"column":4},"end":{"line":16,"column":103}},{"start":{},"end":{}}],"line":16},"4":{"loc":{"start":{"line":21,"column":11},"end":{"line":21,"column":78}},"type":"binary-expr","locations":[{"start":{"line":21,"column":11},"end":{"line":21,"column":38}},{"start":{"line":21,"column":42},"end":{"line":21,"column":78}}],"line":21},"5":{"loc":{"start":{"line":25,"column":4},"end":{"line":26,"column":21}},"type":"if","locations":[{"start":{"line":25,"column":4},"end":{"line":26,"column":21}},{"start":{"line":26,"column":9},"end":{"line":26,"column":21}}],"line":25}},"s":{"0":1,"1":3,"2":1,"3":2,"4":1,"5":2,"6":1,"7":1,"8":1,"9":1,"10":0,"11":1,"12":1,"13":2,"14":1,"15":2,"16":1,"17":1,"18":1},"f":{"0":3,"1":2,"2":1,"3":2,"4":2},"b":{"0":[1,2],"1":[3,3],"2":[1,1],"3":[0,1],"4":[2,1],"5":[1,1]},"_coverageSchema":"1a1c01bbd47fc00a2c39e90264f33305004495a9","hash":"28bd0de53e48df27106035ba33432b37e3386852"}
}
