{"D:\\Documents\\Projects\\Personal-Expense-Tracker\\src\\App.jsx": {"path":"D:\\Documents\\Projects\\Personal-Expense-Tracker\\src\\App.jsx","statementMap":{"0":{"start":{"line":15,"column":2},"end":{"line":33,"column":3}}},"fnMap":{"0":{"name":"App","decl":{"start":{"line":13,"column":9},"end":{"line":13,"column":12}},"loc":{"start":{"line":13,"column":15},"end":{"line":34,"column":1}},"line":13}},"branchMap":{},"s":{"0":0},"f":{"0":0},"b":{}}
,"D:\\Documents\\Projects\\Personal-Expense-Tracker\\src\\main.jsx": {"path":"D:\\Documents\\Projects\\Personal-Expense-Tracker\\src\\main.jsx","statementMap":{"0":{"start":{"line":6,"column":0},"end":{"line":10,"column":1}}},"fnMap":{},"branchMap":{},"s":{"0":0},"f":{},"b":{}}
,"D:\\Documents\\Projects\\Personal-Expense-Tracker\\src\\components\\NavBar.jsx": {"path":"D:\\Documents\\Projects\\Personal-Expense-Tracker\\src\\components\\NavBar.jsx","statementMap":{"0":{"start":{"line":6,"column":15},"end":{"line":54,"column":1}},"1":{"start":{"line":7,"column":36},"end":{"line":7,"column":45}},"2":{"start":{"line":8,"column":21},"end":{"line":8,"column":34}},"3":{"start":{"line":9,"column":25},"end":{"line":16,"column":3}},"4":{"start":{"line":10,"column":6},"end":{"line":15,"column":7}},"5":{"start":{"line":11,"column":10},"end":{"line":11,"column":25}},"6":{"start":{"line":12,"column":10},"end":{"line":12,"column":24}},"7":{"start":{"line":14,"column":10},"end":{"line":14,"column":51}},"8":{"start":{"line":17,"column":2},"end":{"line":53,"column":3}}},"fnMap":{"0":{"name":"(anonymous_0)","decl":{"start":{"line":6,"column":15},"end":{"line":6,"column":16}},"loc":{"start":{"line":6,"column":21},"end":{"line":54,"column":1}},"line":6},"1":{"name":"(anonymous_1)","decl":{"start":{"line":9,"column":25},"end":{"line":9,"column":26}},"loc":{"start":{"line":9,"column":37},"end":{"line":16,"column":3}},"line":9}},"branchMap":{"0":{"loc":{"start":{"line":26,"column":13},"end":{"line":29,"column":17}},"type":"binary-expr","locations":[{"start":{"line":26,"column":13},"end":{"line":26,"column":25}},{"start":{"line":27,"column":12},"end":{"line":29,"column":17}}],"line":26},"1":{"loc":{"start":{"line":30,"column":13},"end":{"line":33,"column":17}},"type":"binary-expr","locations":[{"start":{"line":30,"column":13},"end":{"line":30,"column":25}},{"start":{"line":31,"column":12},"end":{"line":33,"column":17}}],"line":30},"2":{"loc":{"start":{"line":34,"column":13},"end":{"line":37,"column":17}},"type":"binary-expr","locations":[{"start":{"line":34,"column":13},"end":{"line":34,"column":24}},{"start":{"line":35,"column":12},"end":{"line":37,"column":17}}],"line":34},"3":{"loc":{"start":{"line":38,"column":13},"end":{"line":41,"column":17}},"type":"binary-expr","locations":[{"start":{"line":38,"column":13},"end":{"line":38,"column":24}},{"start":{"line":39,"column":12},"end":{"line":41,"column":17}}],"line":38},"4":{"loc":{"start":{"line":42,"column":13},"end":{"line":47,"column":21}},"type":"binary-expr","locations":[{"start":{"line":42,"column":13},"end":{"line":42,"column":24}},{"start":{"line":43,"column":12},"end":{"line":47,"column":21}}],"line":42}},"s":{"0":0,"1":0,"2":0,"3":0,"4":0,"5":0,"6":0,"7":0,"8":0},"f":{"0":0,"1":0},"b":{"0":[0,0],"1":[0,0],"2":[0,0],"3":[0,0],"4":[0,0]}}
,"D:\\Documents\\Projects\\Personal-Expense-Tracker\\src\\components\\TestComponent.jsx": {"path":"D:\\Documents\\Projects\\Personal-Expense-Tracker\\src\\components\\TestComponent.jsx","statementMap":{"0":{"start":{"line":3,"column":22},"end":{"line":9,"column":1}},"1":{"start":{"line":4,"column":2},"end":{"line":8,"column":3}}},"fnMap":{"0":{"name":"(anonymous_0)","decl":{"start":{"line":3,"column":22},"end":{"line":3,"column":23}},"loc":{"start":{"line":3,"column":28},"end":{"line":9,"column":1}},"line":3}},"branchMap":{},"s":{"0":0,"1":0},"f":{"0":0},"b":{}}
,"D:\\Documents\\Projects\\Personal-Expense-Tracker\\src\\components\\useProtectedRoute.js": {"path":"D:\\Documents\\Projects\\Personal-Expense-Tracker\\src\\components\\useProtectedRoute.js","statementMap":{"0":{"start":{"line":5,"column":33},"end":{"line":15,"column":1}},"1":{"start":{"line":6,"column":35},"end":{"line":6,"column":44}},"2":{"start":{"line":7,"column":19},"end":{"line":7,"column":32}},"3":{"start":{"line":8,"column":19},"end":{"line":8,"column":32}},"4":{"start":{"line":10,"column":2},"end":{"line":14,"column":49}},"5":{"start":{"line":11,"column":4},"end":{"line":13,"column":5}},"6":{"start":{"line":12,"column":6},"end":{"line":12,"column":71}}},"fnMap":{"0":{"name":"(anonymous_0)","decl":{"start":{"line":5,"column":33},"end":{"line":5,"column":34}},"loc":{"start":{"line":5,"column":39},"end":{"line":15,"column":1}},"line":5},"1":{"name":"(anonymous_1)","decl":{"start":{"line":10,"column":12},"end":{"line":10,"column":13}},"loc":{"start":{"line":10,"column":18},"end":{"line":14,"column":3}},"line":10}},"branchMap":{"0":{"loc":{"start":{"line":11,"column":4},"end":{"line":13,"column":5}},"type":"if","locations":[{"start":{"line":11,"column":4},"end":{"line":13,"column":5}},{"start":{},"end":{}}],"line":11},"1":{"loc":{"start":{"line":11,"column":8},"end":{"line":11,"column":32}},"type":"binary-expr","locations":[{"start":{"line":11,"column":8},"end":{"line":11,"column":16}},{"start":{"line":11,"column":20},"end":{"line":11,"column":32}}],"line":11}},"s":{"0":0,"1":0,"2":0,"3":0,"4":0,"5":0,"6":0},"f":{"0":0,"1":0},"b":{"0":[0,0],"1":[0,0]}}
,"D:\\Documents\\Projects\\Personal-Expense-Tracker\\src\\context\\AuthContext.jsx": {"path":"D:\\Documents\\Projects\\Personal-Expense-Tracker\\src\\context\\AuthContext.jsx","statementMap":{"0":{"start":{"line":5,"column":20},"end":{"line":12,"column":2}},"1":{"start":{"line":7,"column":20},"end":{"line":7,"column":27}},"2":{"start":{"line":8,"column":17},"end":{"line":8,"column":24}},"3":{"start":{"line":9,"column":18},"end":{"line":9,"column":25}},"4":{"start":{"line":11,"column":26},"end":{"line":11,"column":33}},"5":{"start":{"line":14,"column":23},"end":{"line":14,"column":52}},"6":{"start":{"line":14,"column":29},"end":{"line":14,"column":52}},"7":{"start":{"line":17,"column":42},"end":{"line":17,"column":56}},"8":{"start":{"line":18,"column":34},"end":{"line":18,"column":48}},"9":{"start":{"line":20,"column":4},"end":{"line":28,"column":11}},"10":{"start":{"line":21,"column":28},"end":{"line":24,"column":10}},"11":{"start":{"line":22,"column":12},"end":{"line":22,"column":33}},"12":{"start":{"line":23,"column":12},"end":{"line":23,"column":30}},"13":{"start":{"line":25,"column":8},"end":{"line":27,"column":9}},"14":{"start":{"line":26,"column":12},"end":{"line":26,"column":25}},"15":{"start":{"line":31,"column":8},"end":{"line":31,"column":69}},"16":{"start":{"line":33,"column":18},"end":{"line":35,"column":5}},"17":{"start":{"line":34,"column":8},"end":{"line":34,"column":65}},"18":{"start":{"line":37,"column":19},"end":{"line":39,"column":5}},"19":{"start":{"line":38,"column":8},"end":{"line":38,"column":29}},"20":{"start":{"line":41,"column":27},"end":{"line":43,"column":7}},"21":{"start":{"line":42,"column":8},"end":{"line":42,"column":91}},"22":{"start":{"line":46,"column":18},"end":{"line":53,"column":5}},"23":{"start":{"line":54,"column":4},"end":{"line":54,"column":80}}},"fnMap":{"0":{"name":"(anonymous_0)","decl":{"start":{"line":7,"column":14},"end":{"line":7,"column":15}},"loc":{"start":{"line":7,"column":20},"end":{"line":7,"column":27}},"line":7},"1":{"name":"(anonymous_1)","decl":{"start":{"line":8,"column":11},"end":{"line":8,"column":12}},"loc":{"start":{"line":8,"column":17},"end":{"line":8,"column":24}},"line":8},"2":{"name":"(anonymous_2)","decl":{"start":{"line":9,"column":12},"end":{"line":9,"column":13}},"loc":{"start":{"line":9,"column":18},"end":{"line":9,"column":25}},"line":9},"3":{"name":"(anonymous_3)","decl":{"start":{"line":11,"column":20},"end":{"line":11,"column":21}},"loc":{"start":{"line":11,"column":26},"end":{"line":11,"column":33}},"line":11},"4":{"name":"(anonymous_4)","decl":{"start":{"line":14,"column":23},"end":{"line":14,"column":24}},"loc":{"start":{"line":14,"column":29},"end":{"line":14,"column":52}},"line":14},"5":{"name":"AuthContextProvider","decl":{"start":{"line":16,"column":24},"end":{"line":16,"column":43}},"loc":{"start":{"line":16,"column":58},"end":{"line":55,"column":1}},"line":16},"6":{"name":"(anonymous_6)","decl":{"start":{"line":20,"column":14},"end":{"line":20,"column":15}},"loc":{"start":{"line":20,"column":20},"end":{"line":28,"column":5}},"line":20},"7":{"name":"(anonymous_7)","decl":{"start":{"line":21,"column":53},"end":{"line":21,"column":54}},"loc":{"start":{"line":21,"column":61},"end":{"line":24,"column":9}},"line":21},"8":{"name":"(anonymous_8)","decl":{"start":{"line":25,"column":15},"end":{"line":25,"column":16}},"loc":{"start":{"line":25,"column":21},"end":{"line":27,"column":9}},"line":25},"9":{"name":"register","decl":{"start":{"line":30,"column":13},"end":{"line":30,"column":21}},"loc":{"start":{"line":30,"column":40},"end":{"line":32,"column":5}},"line":30},"10":{"name":"(anonymous_10)","decl":{"start":{"line":33,"column":18},"end":{"line":33,"column":19}},"loc":{"start":{"line":33,"column":39},"end":{"line":35,"column":5}},"line":33},"11":{"name":"(anonymous_11)","decl":{"start":{"line":37,"column":19},"end":{"line":37,"column":20}},"loc":{"start":{"line":37,"column":25},"end":{"line":39,"column":5}},"line":37},"12":{"name":"(anonymous_12)","decl":{"start":{"line":41,"column":27},"end":{"line":41,"column":28}},"loc":{"start":{"line":41,"column":38},"end":{"line":43,"column":7}},"line":41}},"branchMap":{},"s":{"0":0,"1":0,"2":0,"3":0,"4":0,"5":0,"6":0,"7":0,"8":0,"9":0,"10":0,"11":0,"12":0,"13":0,"14":0,"15":0,"16":0,"17":0,"18":0,"19":0,"20":0,"21":0,"22":0,"23":0},"f":{"0":0,"1":0,"2":0,"3":0,"4":0,"5":0,"6":0,"7":0,"8":0,"9":0,"10":0,"11":0,"12":0},"b":{}}
,"D:\\Documents\\Projects\\Personal-Expense-Tracker\\src\\pages\\DashboardCards.jsx": {"path":"D:\\Documents\\Projects\\Personal-Expense-Tracker\\src\\pages\\DashboardCards.jsx","statementMap":{"0":{"start":{"line":5,"column":23},"end":{"line":47,"column":1}},"1":{"start":{"line":6,"column":4},"end":{"line":46,"column":6}}},"fnMap":{"0":{"name":"(anonymous_0)","decl":{"start":{"line":5,"column":23},"end":{"line":5,"column":24}},"loc":{"start":{"line":5,"column":29},"end":{"line":47,"column":1}},"line":5}},"branchMap":{},"s":{"0":0,"1":0},"f":{"0":0},"b":{}}
,"D:\\Documents\\Projects\\Personal-Expense-Tracker\\src\\pages\\Home.jsx": {"path":"D:\\Documents\\Projects\\Personal-Expense-Tracker\\src\\pages\\Home.jsx","statementMap":{"0":{"start":{"line":4,"column":13},"end":{"line":63,"column":1}},"1":{"start":{"line":5,"column":36},"end":{"line":5,"column":45}},"2":{"start":{"line":6,"column":21},"end":{"line":6,"column":34}},"3":{"start":{"line":8,"column":25},"end":{"line":15,"column":5}},"4":{"start":{"line":9,"column":8},"end":{"line":14,"column":9}},"5":{"start":{"line":10,"column":12},"end":{"line":10,"column":27}},"6":{"start":{"line":11,"column":12},"end":{"line":11,"column":26}},"7":{"start":{"line":13,"column":12},"end":{"line":13,"column":53}},"8":{"start":{"line":17,"column":19},"end":{"line":23,"column":5}},"9":{"start":{"line":25,"column":4},"end":{"line":62,"column":6}},"10":{"start":{"line":45,"column":39},"end":{"line":45,"column":60}}},"fnMap":{"0":{"name":"(anonymous_0)","decl":{"start":{"line":4,"column":13},"end":{"line":4,"column":14}},"loc":{"start":{"line":4,"column":19},"end":{"line":63,"column":1}},"line":4},"1":{"name":"(anonymous_1)","decl":{"start":{"line":8,"column":25},"end":{"line":8,"column":26}},"loc":{"start":{"line":8,"column":37},"end":{"line":15,"column":5}},"line":8},"2":{"name":"(anonymous_2)","decl":{"start":{"line":45,"column":33},"end":{"line":45,"column":34}},"loc":{"start":{"line":45,"column":39},"end":{"line":45,"column":60}},"line":45}},"branchMap":{"0":{"loc":{"start":{"line":35,"column":17},"end":{"line":51,"column":17}},"type":"cond-expr","locations":[{"start":{"line":36,"column":20},"end":{"line":42,"column":29}},{"start":{"line":44,"column":20},"end":{"line":50,"column":29}}],"line":35}},"s":{"0":0,"1":0,"2":0,"3":0,"4":0,"5":0,"6":0,"7":0,"8":0,"9":0,"10":0},"f":{"0":0,"1":0,"2":0},"b":{"0":[0,0]}}
,"D:\\Documents\\Projects\\Personal-Expense-Tracker\\src\\pages\\Login.jsx": {"path":"D:\\Documents\\Projects\\Personal-Expense-Tracker\\src\\pages\\Login.jsx","statementMap":{"0":{"start":{"line":7,"column":14},"end":{"line":70,"column":1}},"1":{"start":{"line":8,"column":21},"end":{"line":8,"column":34}},"2":{"start":{"line":10,"column":22},"end":{"line":10,"column":31}},"3":{"start":{"line":12,"column":30},"end":{"line":12,"column":42}},"4":{"start":{"line":13,"column":36},"end":{"line":13,"column":48}},"5":{"start":{"line":14,"column":44},"end":{"line":14,"column":59}},"6":{"start":{"line":15,"column":30},"end":{"line":15,"column":42}},"7":{"start":{"line":17,"column":20},"end":{"line":17,"column":33}},"8":{"start":{"line":19,"column":4},"end":{"line":24,"column":10}},"9":{"start":{"line":20,"column":8},"end":{"line":20,"column":31}},"10":{"start":{"line":21,"column":8},"end":{"line":23,"column":9}},"11":{"start":{"line":22,"column":12},"end":{"line":22,"column":36}},"12":{"start":{"line":26,"column":25},"end":{"line":39,"column":5}},"13":{"start":{"line":27,"column":8},"end":{"line":27,"column":27}},"14":{"start":{"line":28,"column":8},"end":{"line":28,"column":30}},"15":{"start":{"line":29,"column":8},"end":{"line":29,"column":21}},"16":{"start":{"line":31,"column":8},"end":{"line":38,"column":9}},"17":{"start":{"line":32,"column":12},"end":{"line":32,"column":41}},"18":{"start":{"line":33,"column":12},"end":{"line":33,"column":26}},"19":{"start":{"line":35,"column":12},"end":{"line":35,"column":34}},"20":{"start":{"line":37,"column":12},"end":{"line":37,"column":54}},"21":{"start":{"line":41,"column":4},"end":{"line":69,"column":6}},"22":{"start":{"line":50,"column":62},"end":{"line":50,"column":86}},"23":{"start":{"line":54,"column":255},"end":{"line":54,"column":282}}},"fnMap":{"0":{"name":"(anonymous_0)","decl":{"start":{"line":7,"column":14},"end":{"line":7,"column":15}},"loc":{"start":{"line":7,"column":20},"end":{"line":70,"column":1}},"line":7},"1":{"name":"(anonymous_1)","decl":{"start":{"line":19,"column":14},"end":{"line":19,"column":15}},"loc":{"start":{"line":19,"column":20},"end":{"line":24,"column":5}},"line":19},"2":{"name":"(anonymous_2)","decl":{"start":{"line":21,"column":15},"end":{"line":21,"column":16}},"loc":{"start":{"line":21,"column":21},"end":{"line":23,"column":9}},"line":21},"3":{"name":"(anonymous_3)","decl":{"start":{"line":26,"column":25},"end":{"line":26,"column":26}},"loc":{"start":{"line":26,"column":38},"end":{"line":39,"column":5}},"line":26},"4":{"name":"(anonymous_4)","decl":{"start":{"line":50,"column":55},"end":{"line":50,"column":56}},"loc":{"start":{"line":50,"column":62},"end":{"line":50,"column":86}},"line":50},"5":{"name":"(anonymous_5)","decl":{"start":{"line":54,"column":248},"end":{"line":54,"column":249}},"loc":{"start":{"line":54,"column":255},"end":{"line":54,"column":282}},"line":54}},"branchMap":{"0":{"loc":{"start":{"line":37,"column":12},"end":{"line":37,"column":53}},"type":"binary-expr","locations":[{"start":{"line":37,"column":12},"end":{"line":37,"column":27}},{"start":{"line":37,"column":31},"end":{"line":37,"column":53}}],"line":37},"1":{"loc":{"start":{"line":64,"column":224},"end":{"line":64,"column":264}},"type":"cond-expr","locations":[{"start":{"line":64,"column":239},"end":{"line":64,"column":254}},{"start":{"line":64,"column":257},"end":{"line":64,"column":264}}],"line":64}},"s":{"0":0,"1":0,"2":0,"3":0,"4":0,"5":0,"6":0,"7":0,"8":0,"9":0,"10":0,"11":0,"12":0,"13":0,"14":0,"15":0,"16":0,"17":0,"18":0,"19":0,"20":0,"21":0,"22":0,"23":0},"f":{"0":0,"1":0,"2":0,"3":0,"4":0,"5":0},"b":{"0":[0,0],"1":[0,0]}}
,"D:\\Documents\\Projects\\Personal-Expense-Tracker\\src\\pages\\Profile.jsx": {"path":"D:\\Documents\\Projects\\Personal-Expense-Tracker\\src\\pages\\Profile.jsx","statementMap":{"0":{"start":{"line":8,"column":16},"end":{"line":281,"column":1}},"1":{"start":{"line":9,"column":4},"end":{"line":9,"column":24}},"2":{"start":{"line":10,"column":21},"end":{"line":10,"column":34}},"3":{"start":{"line":11,"column":28},"end":{"line":11,"column":37}},"4":{"start":{"line":13,"column":38},"end":{"line":13,"column":54}},"5":{"start":{"line":14,"column":36},"end":{"line":14,"column":52}},"6":{"start":{"line":15,"column":30},"end":{"line":15,"column":56}},"7":{"start":{"line":16,"column":42},"end":{"line":16,"column":66}},"8":{"start":{"line":17,"column":34},"end":{"line":17,"column":74}},"9":{"start":{"line":18,"column":48},"end":{"line":18,"column":72}},"10":{"start":{"line":20,"column":4},"end":{"line":39,"column":26}},"11":{"start":{"line":22,"column":24},"end":{"line":36,"column":7}},"12":{"start":{"line":23,"column":23},"end":{"line":23,"column":63}},"13":{"start":{"line":24,"column":24},"end":{"line":24,"column":44}},"14":{"start":{"line":26,"column":8},"end":{"line":35,"column":9}},"15":{"start":{"line":27,"column":10},"end":{"line":27,"column":55}},"16":{"start":{"line":28,"column":10},"end":{"line":28,"column":53}},"17":{"start":{"line":29,"column":10},"end":{"line":29,"column":47}},"18":{"start":{"line":30,"column":10},"end":{"line":30,"column":59}},"19":{"start":{"line":31,"column":10},"end":{"line":31,"column":51}},"20":{"start":{"line":32,"column":10},"end":{"line":32,"column":65}},"21":{"start":{"line":34,"column":10},"end":{"line":34,"column":43}},"22":{"start":{"line":38,"column":6},"end":{"line":38,"column":18}},"23":{"start":{"line":41,"column":23},"end":{"line":57,"column":5}},"24":{"start":{"line":42,"column":6},"end":{"line":42,"column":25}},"25":{"start":{"line":43,"column":6},"end":{"line":56,"column":7}},"26":{"start":{"line":44,"column":23},"end":{"line":44,"column":63}},"27":{"start":{"line":45,"column":8},"end":{"line":52,"column":11}},"28":{"start":{"line":53,"column":8},"end":{"line":53,"column":50}},"29":{"start":{"line":55,"column":8},"end":{"line":55,"column":55}},"30":{"start":{"line":59,"column":4},"end":{"line":280,"column":6}},"31":{"start":{"line":80,"column":57},"end":{"line":80,"column":85}},"32":{"start":{"line":98,"column":57},"end":{"line":98,"column":84}},"33":{"start":{"line":114,"column":57},"end":{"line":114,"column":81}},"34":{"start":{"line":131,"column":57},"end":{"line":131,"column":87}},"35":{"start":{"line":151,"column":57},"end":{"line":151,"column":83}},"36":{"start":{"line":165,"column":57},"end":{"line":165,"column":90}}},"fnMap":{"0":{"name":"(anonymous_0)","decl":{"start":{"line":8,"column":16},"end":{"line":8,"column":17}},"loc":{"start":{"line":8,"column":22},"end":{"line":281,"column":1}},"line":8},"1":{"name":"(anonymous_1)","decl":{"start":{"line":20,"column":14},"end":{"line":20,"column":15}},"loc":{"start":{"line":20,"column":20},"end":{"line":39,"column":5}},"line":20},"2":{"name":"(anonymous_2)","decl":{"start":{"line":22,"column":24},"end":{"line":22,"column":25}},"loc":{"start":{"line":22,"column":36},"end":{"line":36,"column":7}},"line":22},"3":{"name":"(anonymous_3)","decl":{"start":{"line":41,"column":23},"end":{"line":41,"column":24}},"loc":{"start":{"line":41,"column":36},"end":{"line":57,"column":5}},"line":41},"4":{"name":"(anonymous_4)","decl":{"start":{"line":80,"column":50},"end":{"line":80,"column":51}},"loc":{"start":{"line":80,"column":57},"end":{"line":80,"column":85}},"line":80},"5":{"name":"(anonymous_5)","decl":{"start":{"line":98,"column":50},"end":{"line":98,"column":51}},"loc":{"start":{"line":98,"column":57},"end":{"line":98,"column":84}},"line":98},"6":{"name":"(anonymous_6)","decl":{"start":{"line":114,"column":50},"end":{"line":114,"column":51}},"loc":{"start":{"line":114,"column":57},"end":{"line":114,"column":81}},"line":114},"7":{"name":"(anonymous_7)","decl":{"start":{"line":131,"column":50},"end":{"line":131,"column":51}},"loc":{"start":{"line":131,"column":57},"end":{"line":131,"column":87}},"line":131},"8":{"name":"(anonymous_8)","decl":{"start":{"line":151,"column":50},"end":{"line":151,"column":51}},"loc":{"start":{"line":151,"column":57},"end":{"line":151,"column":83}},"line":151},"9":{"name":"(anonymous_9)","decl":{"start":{"line":165,"column":50},"end":{"line":165,"column":51}},"loc":{"start":{"line":165,"column":57},"end":{"line":165,"column":90}},"line":165}},"branchMap":{"0":{"loc":{"start":{"line":26,"column":8},"end":{"line":35,"column":9}},"type":"if","locations":[{"start":{"line":26,"column":8},"end":{"line":35,"column":9}},{"start":{"line":33,"column":15},"end":{"line":35,"column":9}}],"line":26},"1":{"loc":{"start":{"line":27,"column":23},"end":{"line":27,"column":53}},"type":"binary-expr","locations":[{"start":{"line":27,"column":23},"end":{"line":27,"column":47}},{"start":{"line":27,"column":51},"end":{"line":27,"column":53}}],"line":27},"2":{"loc":{"start":{"line":28,"column":22},"end":{"line":28,"column":51}},"type":"binary-expr","locations":[{"start":{"line":28,"column":22},"end":{"line":28,"column":45}},{"start":{"line":28,"column":49},"end":{"line":28,"column":51}}],"line":28},"3":{"loc":{"start":{"line":29,"column":19},"end":{"line":29,"column":45}},"type":"binary-expr","locations":[{"start":{"line":29,"column":19},"end":{"line":29,"column":39}},{"start":{"line":29,"column":43},"end":{"line":29,"column":45}}],"line":29},"4":{"loc":{"start":{"line":30,"column":25},"end":{"line":30,"column":57}},"type":"binary-expr","locations":[{"start":{"line":30,"column":25},"end":{"line":30,"column":51}},{"start":{"line":30,"column":55},"end":{"line":30,"column":57}}],"line":30},"5":{"loc":{"start":{"line":31,"column":21},"end":{"line":31,"column":49}},"type":"binary-expr","locations":[{"start":{"line":31,"column":21},"end":{"line":31,"column":43}},{"start":{"line":31,"column":47},"end":{"line":31,"column":49}}],"line":31},"6":{"loc":{"start":{"line":32,"column":28},"end":{"line":32,"column":63}},"type":"binary-expr","locations":[{"start":{"line":32,"column":28},"end":{"line":32,"column":57}},{"start":{"line":32,"column":61},"end":{"line":32,"column":63}}],"line":32}},"s":{"0":0,"1":0,"2":0,"3":0,"4":0,"5":0,"6":0,"7":0,"8":0,"9":0,"10":0,"11":0,"12":0,"13":0,"14":0,"15":0,"16":0,"17":0,"18":0,"19":0,"20":0,"21":0,"22":0,"23":0,"24":0,"25":0,"26":0,"27":0,"28":0,"29":0,"30":0,"31":0,"32":0,"33":0,"34":0,"35":0,"36":0},"f":{"0":0,"1":0,"2":0,"3":0,"4":0,"5":0,"6":0,"7":0,"8":0,"9":0},"b":{"0":[0,0],"1":[0,0],"2":[0,0],"3":[0,0],"4":[0,0],"5":[0,0],"6":[0,0]}}
,"D:\\Documents\\Projects\\Personal-Expense-Tracker\\src\\pages\\Register.jsx": {"path":"D:\\Documents\\Projects\\Personal-Expense-Tracker\\src\\pages\\Register.jsx","statementMap":{"0":{"start":{"line":5,"column":17},"end":{"line":52,"column":1}},"1":{"start":{"line":6,"column":21},"end":{"line":6,"column":34}},"2":{"start":{"line":8,"column":25},"end":{"line":8,"column":34}},"3":{"start":{"line":10,"column":30},"end":{"line":10,"column":42}},"4":{"start":{"line":11,"column":36},"end":{"line":11,"column":48}},"5":{"start":{"line":12,"column":44},"end":{"line":12,"column":59}},"6":{"start":{"line":13,"column":30},"end":{"line":13,"column":42}},"7":{"start":{"line":15,"column":25},"end":{"line":28,"column":5}},"8":{"start":{"line":16,"column":8},"end":{"line":16,"column":27}},"9":{"start":{"line":17,"column":8},"end":{"line":17,"column":30}},"10":{"start":{"line":18,"column":8},"end":{"line":18,"column":21}},"11":{"start":{"line":20,"column":8},"end":{"line":27,"column":9}},"12":{"start":{"line":21,"column":12},"end":{"line":21,"column":44}},"13":{"start":{"line":22,"column":12},"end":{"line":22,"column":41}},"14":{"start":{"line":24,"column":12},"end":{"line":24,"column":34}},"15":{"start":{"line":26,"column":12},"end":{"line":26,"column":35}},"16":{"start":{"line":29,"column":4},"end":{"line":51,"column":6}},"17":{"start":{"line":38,"column":62},"end":{"line":38,"column":86}},"18":{"start":{"line":42,"column":65},"end":{"line":42,"column":92}}},"fnMap":{"0":{"name":"(anonymous_0)","decl":{"start":{"line":5,"column":17},"end":{"line":5,"column":18}},"loc":{"start":{"line":5,"column":23},"end":{"line":52,"column":1}},"line":5},"1":{"name":"(anonymous_1)","decl":{"start":{"line":15,"column":25},"end":{"line":15,"column":26}},"loc":{"start":{"line":15,"column":38},"end":{"line":28,"column":5}},"line":15},"2":{"name":"(anonymous_2)","decl":{"start":{"line":38,"column":55},"end":{"line":38,"column":56}},"loc":{"start":{"line":38,"column":62},"end":{"line":38,"column":86}},"line":38},"3":{"name":"(anonymous_3)","decl":{"start":{"line":42,"column":58},"end":{"line":42,"column":59}},"loc":{"start":{"line":42,"column":65},"end":{"line":42,"column":92}},"line":42}},"branchMap":{"0":{"loc":{"start":{"line":44,"column":21},"end":{"line":44,"column":82}},"type":"binary-expr","locations":[{"start":{"line":44,"column":21},"end":{"line":44,"column":26}},{"start":{"line":44,"column":30},"end":{"line":44,"column":82}}],"line":44},"1":{"loc":{"start":{"line":46,"column":224},"end":{"line":46,"column":268}},"type":"cond-expr","locations":[{"start":{"line":46,"column":239},"end":{"line":46,"column":255}},{"start":{"line":46,"column":258},"end":{"line":46,"column":268}}],"line":46}},"s":{"0":0,"1":0,"2":0,"3":0,"4":0,"5":0,"6":0,"7":0,"8":0,"9":0,"10":0,"11":0,"12":0,"13":0,"14":0,"15":0,"16":0,"17":0,"18":0},"f":{"0":0,"1":0,"2":0,"3":0},"b":{"0":[0,0],"1":[0,0]}}
,"D:\\Documents\\Projects\\Personal-Expense-Tracker\\src\\pages\\RegisterSurvey.jsx": {"path":"D:\\Documents\\Projects\\Personal-Expense-Tracker\\src\\pages\\RegisterSurvey.jsx","statementMap":{"0":{"start":{"line":7,"column":23},"end":{"line":271,"column":1}},"1":{"start":{"line":8,"column":4},"end":{"line":8,"column":24}},"2":{"start":{"line":10,"column":21},"end":{"line":10,"column":34}},"3":{"start":{"line":11,"column":28},"end":{"line":11,"column":37}},"4":{"start":{"line":12,"column":38},"end":{"line":12,"column":50}},"5":{"start":{"line":13,"column":36},"end":{"line":13,"column":48}},"6":{"start":{"line":14,"column":34},"end":{"line":14,"column":46}},"7":{"start":{"line":15,"column":48},"end":{"line":15,"column":60}},"8":{"start":{"line":16,"column":30},"end":{"line":16,"column":42}},"9":{"start":{"line":17,"column":52},"end":{"line":17,"column":64}},"10":{"start":{"line":18,"column":48},"end":{"line":18,"column":60}},"11":{"start":{"line":19,"column":46},"end":{"line":19,"column":58}},"12":{"start":{"line":20,"column":40},"end":{"line":20,"column":52}},"13":{"start":{"line":21,"column":42},"end":{"line":21,"column":54}},"14":{"start":{"line":22,"column":52},"end":{"line":22,"column":64}},"15":{"start":{"line":23,"column":46},"end":{"line":23,"column":58}},"16":{"start":{"line":24,"column":46},"end":{"line":24,"column":58}},"17":{"start":{"line":25,"column":66},"end":{"line":25,"column":78}},"18":{"start":{"line":26,"column":56},"end":{"line":26,"column":71}},"19":{"start":{"line":27,"column":56},"end":{"line":27,"column":71}},"20":{"start":{"line":29,"column":4},"end":{"line":38,"column":22}},"21":{"start":{"line":31,"column":12},"end":{"line":34,"column":13}},"22":{"start":{"line":32,"column":40},"end":{"line":32,"column":74}},"23":{"start":{"line":33,"column":16},"end":{"line":33,"column":57}},"24":{"start":{"line":37,"column":8},"end":{"line":37,"column":33}},"25":{"start":{"line":40,"column":36},"end":{"line":49,"column":5}},"26":{"start":{"line":41,"column":24},"end":{"line":41,"column":40}},"27":{"start":{"line":42,"column":32},"end":{"line":42,"column":34}},"28":{"start":{"line":43,"column":8},"end":{"line":47,"column":9}},"29":{"start":{"line":43,"column":21},"end":{"line":43,"column":22}},"30":{"start":{"line":44,"column":12},"end":{"line":46,"column":13}},"31":{"start":{"line":45,"column":16},"end":{"line":45,"column":55}},"32":{"start":{"line":48,"column":8},"end":{"line":48,"column":40}},"33":{"start":{"line":51,"column":33},"end":{"line":57,"column":5}},"34":{"start":{"line":52,"column":8},"end":{"line":56,"column":9}},"35":{"start":{"line":53,"column":12},"end":{"line":53,"column":53}},"36":{"start":{"line":53,"column":35},"end":{"line":53,"column":51}},"37":{"start":{"line":55,"column":12},"end":{"line":55,"column":72}},"38":{"start":{"line":55,"column":35},"end":{"line":55,"column":70}},"39":{"start":{"line":55,"column":55},"end":{"line":55,"column":69}},"40":{"start":{"line":59,"column":4},"end":{"line":63,"column":5}},"41":{"start":{"line":60,"column":8},"end":{"line":62,"column":14}},"42":{"start":{"line":65,"column":25},"end":{"line":99,"column":5}},"43":{"start":{"line":66,"column":8},"end":{"line":66,"column":27}},"44":{"start":{"line":68,"column":27},"end":{"line":84,"column":9}},"45":{"start":{"line":86,"column":8},"end":{"line":98,"column":9}},"46":{"start":{"line":87,"column":26},"end":{"line":87,"column":58}},"47":{"start":{"line":88,"column":12},"end":{"line":88,"column":61}},"48":{"start":{"line":95,"column":12},"end":{"line":95,"column":36}},"49":{"start":{"line":97,"column":12},"end":{"line":97,"column":60}},"50":{"start":{"line":101,"column":4},"end":{"line":270,"column":6}},"51":{"start":{"line":110,"column":37},"end":{"line":110,"column":65}},"52":{"start":{"line":120,"column":37},"end":{"line":120,"column":64}},"53":{"start":{"line":130,"column":37},"end":{"line":130,"column":63}},"54":{"start":{"line":140,"column":37},"end":{"line":140,"column":70}},"55":{"start":{"line":150,"column":37},"end":{"line":150,"column":61}},"56":{"start":{"line":155,"column":69},"end":{"line":155,"column":104}},"57":{"start":{"line":166,"column":24},"end":{"line":175,"column":32}},"58":{"start":{"line":171,"column":49},"end":{"line":171,"column":99}},"59":{"start":{"line":186,"column":37},"end":{"line":186,"column":69}},"60":{"start":{"line":196,"column":37},"end":{"line":196,"column":66}},"61":{"start":{"line":206,"column":37},"end":{"line":206,"column":67}},"62":{"start":{"line":213,"column":24},"end":{"line":222,"column":32}},"63":{"start":{"line":218,"column":49},"end":{"line":218,"column":103}},"64":{"start":{"line":233,"column":37},"end":{"line":233,"column":69}},"65":{"start":{"line":243,"column":37},"end":{"line":243,"column":69}},"66":{"start":{"line":248,"column":81},"end":{"line":248,"column":123}},"67":{"start":{"line":258,"column":81},"end":{"line":258,"column":118}}},"fnMap":{"0":{"name":"(anonymous_0)","decl":{"start":{"line":7,"column":23},"end":{"line":7,"column":24}},"loc":{"start":{"line":7,"column":29},"end":{"line":271,"column":1}},"line":7},"1":{"name":"(anonymous_1)","decl":{"start":{"line":29,"column":14},"end":{"line":29,"column":15}},"loc":{"start":{"line":29,"column":20},"end":{"line":38,"column":5}},"line":29},"2":{"name":"checkIfSurveyCompleted","decl":{"start":{"line":30,"column":23},"end":{"line":30,"column":45}},"loc":{"start":{"line":30,"column":48},"end":{"line":35,"column":9}},"line":30},"3":{"name":"(anonymous_3)","decl":{"start":{"line":40,"column":36},"end":{"line":40,"column":37}},"loc":{"start":{"line":40,"column":59},"end":{"line":49,"column":5}},"line":40},"4":{"name":"(anonymous_4)","decl":{"start":{"line":51,"column":33},"end":{"line":51,"column":34}},"loc":{"start":{"line":51,"column":63},"end":{"line":57,"column":5}},"line":51},"5":{"name":"(anonymous_5)","decl":{"start":{"line":53,"column":27},"end":{"line":53,"column":28}},"loc":{"start":{"line":53,"column":35},"end":{"line":53,"column":51}},"line":53},"6":{"name":"(anonymous_6)","decl":{"start":{"line":55,"column":27},"end":{"line":55,"column":28}},"loc":{"start":{"line":55,"column":35},"end":{"line":55,"column":70}},"line":55},"7":{"name":"(anonymous_7)","decl":{"start":{"line":55,"column":47},"end":{"line":55,"column":48}},"loc":{"start":{"line":55,"column":55},"end":{"line":55,"column":69}},"line":55},"8":{"name":"(anonymous_8)","decl":{"start":{"line":65,"column":25},"end":{"line":65,"column":26}},"loc":{"start":{"line":65,"column":38},"end":{"line":99,"column":5}},"line":65},"9":{"name":"(anonymous_9)","decl":{"start":{"line":110,"column":30},"end":{"line":110,"column":31}},"loc":{"start":{"line":110,"column":37},"end":{"line":110,"column":65}},"line":110},"10":{"name":"(anonymous_10)","decl":{"start":{"line":120,"column":30},"end":{"line":120,"column":31}},"loc":{"start":{"line":120,"column":37},"end":{"line":120,"column":64}},"line":120},"11":{"name":"(anonymous_11)","decl":{"start":{"line":130,"column":30},"end":{"line":130,"column":31}},"loc":{"start":{"line":130,"column":37},"end":{"line":130,"column":63}},"line":130},"12":{"name":"(anonymous_12)","decl":{"start":{"line":140,"column":30},"end":{"line":140,"column":31}},"loc":{"start":{"line":140,"column":37},"end":{"line":140,"column":70}},"line":140},"13":{"name":"(anonymous_13)","decl":{"start":{"line":150,"column":30},"end":{"line":150,"column":31}},"loc":{"start":{"line":150,"column":37},"end":{"line":150,"column":61}},"line":150},"14":{"name":"(anonymous_14)","decl":{"start":{"line":155,"column":62},"end":{"line":155,"column":63}},"loc":{"start":{"line":155,"column":69},"end":{"line":155,"column":104}},"line":155},"15":{"name":"(anonymous_15)","decl":{"start":{"line":165,"column":125},"end":{"line":165,"column":126}},"loc":{"start":{"line":166,"column":24},"end":{"line":175,"column":32}},"line":166},"16":{"name":"(anonymous_16)","decl":{"start":{"line":171,"column":42},"end":{"line":171,"column":43}},"loc":{"start":{"line":171,"column":49},"end":{"line":171,"column":99}},"line":171},"17":{"name":"(anonymous_17)","decl":{"start":{"line":186,"column":30},"end":{"line":186,"column":31}},"loc":{"start":{"line":186,"column":37},"end":{"line":186,"column":69}},"line":186},"18":{"name":"(anonymous_18)","decl":{"start":{"line":196,"column":30},"end":{"line":196,"column":31}},"loc":{"start":{"line":196,"column":37},"end":{"line":196,"column":66}},"line":196},"19":{"name":"(anonymous_19)","decl":{"start":{"line":206,"column":30},"end":{"line":206,"column":31}},"loc":{"start":{"line":206,"column":37},"end":{"line":206,"column":67}},"line":206},"20":{"name":"(anonymous_20)","decl":{"start":{"line":212,"column":162},"end":{"line":212,"column":163}},"loc":{"start":{"line":213,"column":24},"end":{"line":222,"column":32}},"line":213},"21":{"name":"(anonymous_21)","decl":{"start":{"line":218,"column":42},"end":{"line":218,"column":43}},"loc":{"start":{"line":218,"column":49},"end":{"line":218,"column":103}},"line":218},"22":{"name":"(anonymous_22)","decl":{"start":{"line":233,"column":30},"end":{"line":233,"column":31}},"loc":{"start":{"line":233,"column":37},"end":{"line":233,"column":69}},"line":233},"23":{"name":"(anonymous_23)","decl":{"start":{"line":243,"column":30},"end":{"line":243,"column":31}},"loc":{"start":{"line":243,"column":37},"end":{"line":243,"column":69}},"line":243},"24":{"name":"(anonymous_24)","decl":{"start":{"line":248,"column":74},"end":{"line":248,"column":75}},"loc":{"start":{"line":248,"column":81},"end":{"line":248,"column":123}},"line":248},"25":{"name":"(anonymous_25)","decl":{"start":{"line":258,"column":74},"end":{"line":258,"column":75}},"loc":{"start":{"line":258,"column":81},"end":{"line":258,"column":118}},"line":258}},"branchMap":{"0":{"loc":{"start":{"line":31,"column":12},"end":{"line":34,"column":13}},"type":"if","locations":[{"start":{"line":31,"column":12},"end":{"line":34,"column":13}},{"start":{},"end":{}}],"line":31},"1":{"loc":{"start":{"line":44,"column":12},"end":{"line":46,"column":13}},"type":"if","locations":[{"start":{"line":44,"column":12},"end":{"line":46,"column":13}},{"start":{},"end":{}}],"line":44},"2":{"loc":{"start":{"line":52,"column":8},"end":{"line":56,"column":9}},"type":"if","locations":[{"start":{"line":52,"column":8},"end":{"line":56,"column":9}},{"start":{"line":54,"column":15},"end":{"line":56,"column":9}}],"line":52},"3":{"loc":{"start":{"line":59,"column":4},"end":{"line":63,"column":5}},"type":"if","locations":[{"start":{"line":59,"column":4},"end":{"line":63,"column":5}},{"start":{},"end":{}}],"line":59}},"s":{"0":0,"1":0,"2":0,"3":0,"4":0,"5":0,"6":0,"7":0,"8":0,"9":0,"10":0,"11":0,"12":0,"13":0,"14":0,"15":0,"16":0,"17":0,"18":0,"19":0,"20":0,"21":0,"22":0,"23":0,"24":0,"25":0,"26":0,"27":0,"28":0,"29":0,"30":0,"31":0,"32":0,"33":0,"34":0,"35":0,"36":0,"37":0,"38":0,"39":0,"40":0,"41":0,"42":0,"43":0,"44":0,"45":0,"46":0,"47":0,"48":0,"49":0,"50":0,"51":0,"52":0,"53":0,"54":0,"55":0,"56":0,"57":0,"58":0,"59":0,"60":0,"61":0,"62":0,"63":0,"64":0,"65":0,"66":0,"67":0},"f":{"0":0,"1":0,"2":0,"3":0,"4":0,"5":0,"6":0,"7":0,"8":0,"9":0,"10":0,"11":0,"12":0,"13":0,"14":0,"15":0,"16":0,"17":0,"18":0,"19":0,"20":0,"21":0,"22":0,"23":0,"24":0,"25":0},"b":{"0":[0,0],"1":[0,0],"2":[0,0],"3":[0,0]}}
,"D:\\Documents\\Projects\\Personal-Expense-Tracker\\src\\pages\\TransTable.jsx": {"path":"D:\\Documents\\Projects\\Personal-Expense-Tracker\\src\\pages\\TransTable.jsx","statementMap":{"0":{"start":{"line":6,"column":21},"end":{"line":12,"column":1}},"1":{"start":{"line":15,"column":0},"end":{"line":15,"column":65}},"2":{"start":{"line":15,"column":28},"end":{"line":15,"column":63}},"3":{"start":{"line":18,"column":19},"end":{"line":97,"column":1}},"4":{"start":{"line":19,"column":4},"end":{"line":19,"column":24}},"5":{"start":{"line":20,"column":36},"end":{"line":20,"column":45}},"6":{"start":{"line":21,"column":21},"end":{"line":21,"column":34}},"7":{"start":{"line":22,"column":25},"end":{"line":28,"column":5}},"8":{"start":{"line":23,"column":8},"end":{"line":27,"column":9}},"9":{"start":{"line":24,"column":12},"end":{"line":24,"column":40}},"10":{"start":{"line":26,"column":12},"end":{"line":26,"column":53}},"11":{"start":{"line":29,"column":4},"end":{"line":96,"column":6}},"12":{"start":{"line":78,"column":32},"end":{"line":87,"column":37}}},"fnMap":{"0":{"name":"(anonymous_0)","decl":{"start":{"line":15,"column":18},"end":{"line":15,"column":19}},"loc":{"start":{"line":15,"column":28},"end":{"line":15,"column":63}},"line":15},"1":{"name":"(anonymous_1)","decl":{"start":{"line":18,"column":19},"end":{"line":18,"column":20}},"loc":{"start":{"line":18,"column":25},"end":{"line":97,"column":1}},"line":18},"2":{"name":"(anonymous_2)","decl":{"start":{"line":22,"column":25},"end":{"line":22,"column":26}},"loc":{"start":{"line":22,"column":37},"end":{"line":28,"column":5}},"line":22},"3":{"name":"(anonymous_3)","decl":{"start":{"line":77,"column":46},"end":{"line":77,"column":47}},"loc":{"start":{"line":78,"column":32},"end":{"line":87,"column":37}},"line":78}},"branchMap":{},"s":{"0":0,"1":0,"2":0,"3":0,"4":0,"5":0,"6":0,"7":0,"8":0,"9":0,"10":0,"11":0,"12":0},"f":{"0":0,"1":0,"2":0,"3":0},"b":{}}
,"D:\\Documents\\Projects\\Personal-Expense-Tracker\\src\\utils\\firebase-config.js": {"path":"D:\\Documents\\Projects\\Personal-Expense-Tracker\\src\\utils\\firebase-config.js","statementMap":{"0":{"start":{"line":9,"column":23},"end":{"line":16,"column":1}},"1":{"start":{"line":18,"column":12},"end":{"line":18,"column":41}},"2":{"start":{"line":19,"column":17},"end":{"line":19,"column":33}},"3":{"start":{"line":21,"column":20},"end":{"line":21,"column":32}},"4":{"start":{"line":22,"column":23},"end":{"line":22,"column":38}},"5":{"start":{"line":23,"column":25},"end":{"line":23,"column":42}},"6":{"start":{"line":30,"column":19},"end":{"line":30,"column":71}},"7":{"start":{"line":31,"column":2},"end":{"line":31,"column":24}},"8":{"start":{"line":34,"column":2},"end":{"line":39,"column":3}},"9":{"start":{"line":35,"column":21},"end":{"line":35,"column":73}},"10":{"start":{"line":36,"column":6},"end":{"line":36,"column":23}},"11":{"start":{"line":38,"column":6},"end":{"line":38,"column":57}},"12":{"start":{"line":42,"column":2},"end":{"line":42,"column":70}},"13":{"start":{"line":45,"column":2},"end":{"line":49,"column":3}},"14":{"start":{"line":46,"column":6},"end":{"line":46,"column":55}},"15":{"start":{"line":48,"column":6},"end":{"line":48,"column":55}}},"fnMap":{"0":{"name":"getUserName","decl":{"start":{"line":29,"column":22},"end":{"line":29,"column":33}},"loc":{"start":{"line":29,"column":39},"end":{"line":32,"column":1}},"line":29},"1":{"name":"saveSurveyData","decl":{"start":{"line":33,"column":22},"end":{"line":33,"column":36}},"loc":{"start":{"line":33,"column":43},"end":{"line":40,"column":1}},"line":33},"2":{"name":"markSurveyAsCompleted","decl":{"start":{"line":41,"column":22},"end":{"line":41,"column":43}},"loc":{"start":{"line":41,"column":49},"end":{"line":43,"column":1}},"line":41},"3":{"name":"saveUserData","decl":{"start":{"line":44,"column":22},"end":{"line":44,"column":34}},"loc":{"start":{"line":44,"column":46},"end":{"line":50,"column":1}},"line":44}},"branchMap":{},"s":{"0":0,"1":0,"2":0,"3":0,"4":0,"5":0,"6":0,"7":0,"8":0,"9":0,"10":0,"11":0,"12":0,"13":0,"14":0,"15":0},"f":{"0":0,"1":0,"2":0,"3":0},"b":{}}
}
