TN:
SF:src/test/integration/profile_copy.js
FN:6,getProfile
FN:9,(anonymous_1)
FNF:2
FNH:2
FNDA:2,getProfile
FNDA:2,(anonymous_1)
DA:8,2
DA:9,2
DA:10,2
DA:11,2
DA:13,0
DA:15,0
DA:18,0
DA:21,2
DA:22,2
LF:9
LH:6
BRDA:13,0,0,0
BRDA:13,0,1,0
BRF:2
BRH:0
end_of_record
TN:
SF:src/test/unit/dashboard_test.js
FN:3,(anonymous_0)
FN:13,returnTotalSpent
FNF:2
FNH:2
FNDA:3,(anonymous_0)
FNDA:3,returnTotalSpent
DA:4,3
DA:5,3
DA:6,3
DA:7,3
DA:15,3
DA:17,3
DA:18,1
DA:20,2
LF:8
LH:8
BRDA:17,0,0,1
BRDA:17,0,1,2
BRF:2
BRH:2
end_of_record
TN:
SF:src/utils/firebase-config.js
FN:29,getUserName
FN:33,saveSurveyData
FN:41,markSurveyAsCompleted
FN:44,saveUserData
FNF:4
FNH:0
FNDA:0,getUserName
FNDA:0,saveSurveyData
FNDA:0,markSurveyAsCompleted
FNDA:0,saveUserData
DA:9,1
DA:18,1
DA:19,1
DA:21,1
DA:22,1
DA:23,1
DA:30,0
DA:31,0
DA:34,0
DA:35,0
DA:36,0
DA:38,0
DA:42,0
DA:45,0
DA:46,0
DA:48,0
LF:16
LH:6
BRF:0
BRH:0
end_of_record
